#
# There is insufficient memory for the Java Runtime Environment to continue.
# Native memory allocation (malloc) failed to allocate 426576 bytes. Error detail: Chunk::new
# Possible reasons:
#   The system is out of physical RAM or swap space
#   This process is running with CompressedOops enabled, and the Java Heap may be blocking the growth of the native heap
# Possible solutions:
#   Reduce memory load on the system
#   Increase physical memory or swap space
#   Check if swap backing store is full
#   Decrease Java heap size (-Xmx/-Xms)
#   Decrease number of Java threads
#   Decrease Java thread stack sizes (-Xss)
#   Set larger code cache with -XX:ReservedCodeCacheSize=
#   JVM is running with Unscaled Compressed Oops mode in which the Java heap is
#     placed in the first 4GB address space. The Java Heap base address is the
#     maximum limit for the native heap growth. Please use -XX:HeapBaseMinAddress
#     to set the Java Heap base and to place the Java Heap above 4GB virtual address.
# This output file may be truncated or incomplete.
#
#  Out of Memory Error (arena.cpp:150), pid=15944, tid=6520
#
# JRE version: OpenJDK Runtime Environment (22.0.1+8) (build 22.0.1+8-16)
# Java VM: OpenJDK 64-Bit Server VM (22.0.1+8-16, mixed mode, sharing, tiered, compressed oops, compressed class ptrs, g1 gc, windows-amd64)
# No core dump will be written. Minidumps are not enabled by default on client versions of Windows
#

---------------  S U M M A R Y ------------

Command Line: -javaagent:C:\Program Files\JetBrains\IntelliJ IDEA Community Edition 2024.1\lib\idea_rt.jar=53532:C:\Program Files\JetBrains\IntelliJ IDEA Community Edition 2024.1\bin -Dfile.encoding=UTF-8 -Dsun.stdout.encoding=UTF-8 -Dsun.stderr.encoding=UTF-8 com.rspl.meal.Booking.BookingApplication

Host: AMD Ryzen 3 3200U with Radeon Vega Mobile Gfx  , 4 cores, 3G,  Windows 11 , 64 bit Build 22621 (10.0.22621.3085)
Time: Fri May 17 14:07:56 2024 India Standard Time elapsed time: 2.565059 seconds (0d 0h 0m 2s)

---------------  T H R E A D  ---------------

Current thread (0x00000200173e87c0):  JavaThread "C2 CompilerThread0" daemon [_thread_in_native, id=6520, stack(0x00000069ca100000,0x00000069ca200000) (1024K)]


Current CompileTask:
C2:2565 1650       4       jdk.internal.loader.URLClassPath::getResource (74 bytes)

Stack: [0x00000069ca100000,0x00000069ca200000]
Native frames: (J=compiled Java code, j=interpreted, Vv=VM code, C=native code)
V  [jvm.dll+0x6e2279]  (no source info available)
V  [jvm.dll+0x874e33]  (no source info available)
V  [jvm.dll+0x87725e]  (no source info available)
V  [jvm.dll+0x877933]  (no source info available)
V  [jvm.dll+0x27fd76]  (no source info available)
V  [jvm.dll+0xc3d0f]  (no source info available)
V  [jvm.dll+0xc3f6b]  (no source info available)
V  [jvm.dll+0x3bb0d2]  (no source info available)
V  [jvm.dll+0x387b6b]  (no source info available)
V  [jvm.dll+0x386fda]  (no source info available)
V  [jvm.dll+0x247918]  (no source info available)
V  [jvm.dll+0x246fbf]  (no source info available)
V  [jvm.dll+0x1c4e90]  (no source info available)
V  [jvm.dll+0x2569fe]  (no source info available)
V  [jvm.dll+0x254cba]  (no source info available)
V  [jvm.dll+0x3f5336]  (no source info available)
V  [jvm.dll+0x81d44b]  (no source info available)
V  [jvm.dll+0x6e0915]  (no source info available)
C  [ucrtbase.dll+0x29363]  (no source info available)
C  [KERNEL32.DLL+0x1257d]  (no source info available)
C  [ntdll.dll+0x5aa58]  (no source info available)


---------------  P R O C E S S  ---------------

Threads class SMR info:
_java_thread_list=0x000002005d89edb0, length=13, elements={
0x000002007a588f20, 0x00000200173bd640, 0x00000200173be710, 0x00000200173c1530,
0x00000200173c2190, 0x00000200173c4c00, 0x00000200173c6e00, 0x00000200173e87c0,
0x00000200173e9270, 0x000002001739ca10, 0x0000020017958430, 0x000002005d0c4e90,
0x000002005d8f64f0
}

Java Threads: ( => current thread )
  0x000002007a588f20 JavaThread "main"                              [_thread_blocked, id=16032, stack(0x00000069c9300000,0x00000069c9400000) (1024K)]
  0x00000200173bd640 JavaThread "Reference Handler"          daemon [_thread_blocked, id=4492, stack(0x00000069c9b00000,0x00000069c9c00000) (1024K)]
  0x00000200173be710 JavaThread "Finalizer"                  daemon [_thread_blocked, id=15456, stack(0x00000069c9c00000,0x00000069c9d00000) (1024K)]
  0x00000200173c1530 JavaThread "Signal Dispatcher"          daemon [_thread_blocked, id=14932, stack(0x00000069c9d00000,0x00000069c9e00000) (1024K)]
  0x00000200173c2190 JavaThread "Attach Listener"            daemon [_thread_blocked, id=14172, stack(0x00000069c9e00000,0x00000069c9f00000) (1024K)]
  0x00000200173c4c00 JavaThread "Service Thread"             daemon [_thread_blocked, id=8640, stack(0x00000069c9f00000,0x00000069ca000000) (1024K)]
  0x00000200173c6e00 JavaThread "Monitor Deflation Thread"   daemon [_thread_blocked, id=10840, stack(0x00000069ca000000,0x00000069ca100000) (1024K)]
=>0x00000200173e87c0 JavaThread "C2 CompilerThread0"         daemon [_thread_in_native, id=6520, stack(0x00000069ca100000,0x00000069ca200000) (1024K)]
  0x00000200173e9270 JavaThread "C1 CompilerThread0"         daemon [_thread_blocked, id=4792, stack(0x00000069ca200000,0x00000069ca300000) (1024K)]
  0x000002001739ca10 JavaThread "Common-Cleaner"             daemon [_thread_blocked, id=11204, stack(0x00000069ca300000,0x00000069ca400000) (1024K)]
  0x0000020017958430 JavaThread "Monitor Ctrl-Break"         daemon [_thread_in_native, id=2284, stack(0x00000069ca400000,0x00000069ca500000) (1024K)]
  0x000002005d0c4e90 JavaThread "Notification Thread"        daemon [_thread_blocked, id=5400, stack(0x00000069ca500000,0x00000069ca600000) (1024K)]
  0x000002005d8f64f0 JavaThread "background-preinit"                [_thread_in_vm, id=14680, stack(0x00000069ca900000,0x00000069caa00000) (1024K)]
Total: 13

Other Threads:
  0x000002001739ff70 VMThread "VM Thread"                           [id=10772, stack(0x00000069c9a00000,0x00000069c9b00000) (1024K)]
  0x000002007c828f20 WatcherThread "VM Periodic Task Thread"        [id=10952, stack(0x00000069c9900000,0x00000069c9a00000) (1024K)]
  0x000002007c7b9ae0 WorkerThread "GC Thread#0"                     [id=13680, stack(0x00000069c9400000,0x00000069c9500000) (1024K)]
  0x000002005d2c0780 WorkerThread "GC Thread#1"                     [id=3780, stack(0x00000069ca600000,0x00000069ca700000) (1024K)]
  0x000002005d70f880 WorkerThread "GC Thread#2"                     [id=5516, stack(0x00000069ca700000,0x00000069ca800000) (1024K)]
  0x000002005d70fc30 WorkerThread "GC Thread#3"                     [id=5496, stack(0x00000069ca800000,0x00000069ca900000) (1024K)]
  0x000002007c7c1950 ConcurrentGCThread "G1 Main Marker"            [id=1252, stack(0x00000069c9500000,0x00000069c9600000) (1024K)]
  0x000002007c7c2460 WorkerThread "G1 Conc#0"                       [id=15200, stack(0x00000069c9600000,0x00000069c9700000) (1024K)]
  0x000002007c819510 ConcurrentGCThread "G1 Refine#0"               [id=9528, stack(0x00000069c9700000,0x00000069c9800000) (1024K)]
  0x000002007c81a090 ConcurrentGCThread "G1 Service"                [id=12356, stack(0x00000069c9800000,0x00000069c9900000) (1024K)]
Total: 10

Threads with active compile tasks:
C2 CompilerThread0  2854 1650       4       jdk.internal.loader.URLClassPath::getResource (74 bytes)
Total: 1

VM state: not at safepoint (normal execution)

VM Mutex/Monitor currently owned by a thread: None

Heap address: 0x00000000c8c00000, size: 884 MB, Compressed Oops mode: 32-bit

CDS archive(s) mapped at: [0x0000020018000000-0x0000020018c50000-0x0000020018c50000), size 12910592, SharedBaseAddress: 0x0000020018000000, ArchiveRelocationMode: 1.
Compressed class space mapped at: 0x0000020019000000-0x0000020059000000, reserved size: 1073741824
Narrow klass base: 0x0000020018000000, Narrow klass shift: 0, Narrow klass range: 0x41000000

GC Precious Log:
 CardTable entry size: 512
 Card Set container configuration: InlinePtr #cards 5 size 8 Array Of Cards #cards 12 size 40 Howl #buckets 4 coarsen threshold 1843 Howl Bitmap #cards 512 size 80 coarsen threshold 460 Card regions per heap region 1 cards per card region 2048
 CPUs: 4 total, 4 available
 Memory: 3530M
 Large Page Support: Disabled
 NUMA Support: Disabled
 Compressed Oops: Enabled (32-bit)
 Heap Region Size: 1M
 Heap Min Capacity: 8M
 Heap Initial Capacity: 56M
 Heap Max Capacity: 884M
 Pre-touch: Disabled
 Parallel Workers: 4
 Concurrent Workers: 1
 Concurrent Refinement Workers: 4
 Periodic GC: Disabled

Heap:
 garbage-first heap   total reserved 905216K, committed 57344K, used 15397K [0x00000000c8c00000, 0x0000000100000000)
  region size 1024K, 11 young (11264K), 2 survivors (2048K)
 Metaspace       used 11769K, committed 11968K, reserved 1114112K
  class space    used 1390K, committed 1472K, reserved 1048576K

Heap Regions: E=young(eden), S=young(survivor), O=old, HS=humongous(starts), HC=humongous(continues), CS=collection set, F=free, TAMS=top-at-mark-start, PB=parsable bottom
|   0|0x00000000c8c00000, 0x00000000c8d00000, 0x00000000c8d00000|100%|HS|  |TAMS 0x00000000c8c00000| PB 0x00000000c8c00000| Complete |  0
|   1|0x00000000c8d00000, 0x00000000c8e00000, 0x00000000c8e00000|100%| O|  |TAMS 0x00000000c8d00000| PB 0x00000000c8d00000| Untracked |  0
|   2|0x00000000c8e00000, 0x00000000c8f00000, 0x00000000c8f00000|100%| O|  |TAMS 0x00000000c8e00000| PB 0x00000000c8e00000| Untracked |  0
|   3|0x00000000c8f00000, 0x00000000c9000000, 0x00000000c9000000|100%| O|  |TAMS 0x00000000c8f00000| PB 0x00000000c8f00000| Untracked |  0
|   4|0x00000000c9000000, 0x00000000c9100000, 0x00000000c9100000|100%| O|  |TAMS 0x00000000c9000000| PB 0x00000000c9000000| Untracked |  0
|   5|0x00000000c9100000, 0x00000000c9200000, 0x00000000c9200000|100%| O|  |TAMS 0x00000000c9100000| PB 0x00000000c9100000| Untracked |  0
|   6|0x00000000c9200000, 0x00000000c9280160, 0x00000000c9300000| 50%| O|  |TAMS 0x00000000c9200000| PB 0x00000000c9200000| Untracked |  0
|   7|0x00000000c9300000, 0x00000000c9300000, 0x00000000c9400000|  0%| F|  |TAMS 0x00000000c9300000| PB 0x00000000c9300000| Untracked |  0
|   8|0x00000000c9400000, 0x00000000c9400000, 0x00000000c9500000|  0%| F|  |TAMS 0x00000000c9400000| PB 0x00000000c9400000| Untracked |  0
|   9|0x00000000c9500000, 0x00000000c9500000, 0x00000000c9600000|  0%| F|  |TAMS 0x00000000c9500000| PB 0x00000000c9500000| Untracked |  0
|  10|0x00000000c9600000, 0x00000000c9600000, 0x00000000c9700000|  0%| F|  |TAMS 0x00000000c9600000| PB 0x00000000c9600000| Untracked |  0
|  11|0x00000000c9700000, 0x00000000c9700000, 0x00000000c9800000|  0%| F|  |TAMS 0x00000000c9700000| PB 0x00000000c9700000| Untracked |  0
|  12|0x00000000c9800000, 0x00000000c9800000, 0x00000000c9900000|  0%| F|  |TAMS 0x00000000c9800000| PB 0x00000000c9800000| Untracked |  0
|  13|0x00000000c9900000, 0x00000000c9900000, 0x00000000c9a00000|  0%| F|  |TAMS 0x00000000c9900000| PB 0x00000000c9900000| Untracked |  0
|  14|0x00000000c9a00000, 0x00000000c9a00000, 0x00000000c9b00000|  0%| F|  |TAMS 0x00000000c9a00000| PB 0x00000000c9a00000| Untracked |  0
|  15|0x00000000c9b00000, 0x00000000c9b00000, 0x00000000c9c00000|  0%| F|  |TAMS 0x00000000c9b00000| PB 0x00000000c9b00000| Untracked |  0
|  16|0x00000000c9c00000, 0x00000000c9c00000, 0x00000000c9d00000|  0%| F|  |TAMS 0x00000000c9c00000| PB 0x00000000c9c00000| Untracked |  0
|  17|0x00000000c9d00000, 0x00000000c9d00000, 0x00000000c9e00000|  0%| F|  |TAMS 0x00000000c9d00000| PB 0x00000000c9d00000| Untracked |  0
|  18|0x00000000c9e00000, 0x00000000c9e00000, 0x00000000c9f00000|  0%| F|  |TAMS 0x00000000c9e00000| PB 0x00000000c9e00000| Untracked |  0
|  19|0x00000000c9f00000, 0x00000000c9f00000, 0x00000000ca000000|  0%| F|  |TAMS 0x00000000c9f00000| PB 0x00000000c9f00000| Untracked |  0
|  20|0x00000000ca000000, 0x00000000ca000000, 0x00000000ca100000|  0%| F|  |TAMS 0x00000000ca000000| PB 0x00000000ca000000| Untracked |  0
|  21|0x00000000ca100000, 0x00000000ca100000, 0x00000000ca200000|  0%| F|  |TAMS 0x00000000ca100000| PB 0x00000000ca100000| Untracked |  0
|  22|0x00000000ca200000, 0x00000000ca200000, 0x00000000ca300000|  0%| F|  |TAMS 0x00000000ca200000| PB 0x00000000ca200000| Untracked |  0
|  23|0x00000000ca300000, 0x00000000ca300000, 0x00000000ca400000|  0%| F|  |TAMS 0x00000000ca300000| PB 0x00000000ca300000| Untracked |  0
|  24|0x00000000ca400000, 0x00000000ca400000, 0x00000000ca500000|  0%| F|  |TAMS 0x00000000ca400000| PB 0x00000000ca400000| Untracked |  0
|  25|0x00000000ca500000, 0x00000000ca500000, 0x00000000ca600000|  0%| F|  |TAMS 0x00000000ca500000| PB 0x00000000ca500000| Untracked |  0
|  26|0x00000000ca600000, 0x00000000ca600000, 0x00000000ca700000|  0%| F|  |TAMS 0x00000000ca600000| PB 0x00000000ca600000| Untracked |  0
|  27|0x00000000ca700000, 0x00000000ca700000, 0x00000000ca800000|  0%| F|  |TAMS 0x00000000ca700000| PB 0x00000000ca700000| Untracked |  0
|  28|0x00000000ca800000, 0x00000000ca800000, 0x00000000ca900000|  0%| F|  |TAMS 0x00000000ca800000| PB 0x00000000ca800000| Untracked |  0
|  29|0x00000000ca900000, 0x00000000ca900000, 0x00000000caa00000|  0%| F|  |TAMS 0x00000000ca900000| PB 0x00000000ca900000| Untracked |  0
|  30|0x00000000caa00000, 0x00000000caa00000, 0x00000000cab00000|  0%| F|  |TAMS 0x00000000caa00000| PB 0x00000000caa00000| Untracked |  0
|  31|0x00000000cab00000, 0x00000000cab00000, 0x00000000cac00000|  0%| F|  |TAMS 0x00000000cab00000| PB 0x00000000cab00000| Untracked |  0
|  32|0x00000000cac00000, 0x00000000cac00000, 0x00000000cad00000|  0%| F|  |TAMS 0x00000000cac00000| PB 0x00000000cac00000| Untracked |  0
|  33|0x00000000cad00000, 0x00000000cad00000, 0x00000000cae00000|  0%| F|  |TAMS 0x00000000cad00000| PB 0x00000000cad00000| Untracked |  0
|  34|0x00000000cae00000, 0x00000000cae00000, 0x00000000caf00000|  0%| F|  |TAMS 0x00000000cae00000| PB 0x00000000cae00000| Untracked |  0
|  35|0x00000000caf00000, 0x00000000caf00000, 0x00000000cb000000|  0%| F|  |TAMS 0x00000000caf00000| PB 0x00000000caf00000| Untracked |  0
|  36|0x00000000cb000000, 0x00000000cb000000, 0x00000000cb100000|  0%| F|  |TAMS 0x00000000cb000000| PB 0x00000000cb000000| Untracked |  0
|  37|0x00000000cb100000, 0x00000000cb100000, 0x00000000cb200000|  0%| F|  |TAMS 0x00000000cb100000| PB 0x00000000cb100000| Untracked |  0
|  38|0x00000000cb200000, 0x00000000cb289310, 0x00000000cb300000| 53%| S|CS|TAMS 0x00000000cb200000| PB 0x00000000cb200000| Complete |  0
|  39|0x00000000cb300000, 0x00000000cb400000, 0x00000000cb400000|100%| S|CS|TAMS 0x00000000cb300000| PB 0x00000000cb300000| Complete |  0
|  40|0x00000000cb400000, 0x00000000cb400000, 0x00000000cb500000|  0%| F|  |TAMS 0x00000000cb400000| PB 0x00000000cb400000| Untracked |  0
|  41|0x00000000cb500000, 0x00000000cb500000, 0x00000000cb600000|  0%| F|  |TAMS 0x00000000cb500000| PB 0x00000000cb500000| Untracked |  0
|  42|0x00000000cb600000, 0x00000000cb600000, 0x00000000cb700000|  0%| F|  |TAMS 0x00000000cb600000| PB 0x00000000cb600000| Untracked |  0
|  43|0x00000000cb700000, 0x00000000cb700000, 0x00000000cb800000|  0%| F|  |TAMS 0x00000000cb700000| PB 0x00000000cb700000| Untracked |  0
|  44|0x00000000cb800000, 0x00000000cb800000, 0x00000000cb900000|  0%| F|  |TAMS 0x00000000cb800000| PB 0x00000000cb800000| Untracked |  0
|  45|0x00000000cb900000, 0x00000000cb900000, 0x00000000cba00000|  0%| F|  |TAMS 0x00000000cb900000| PB 0x00000000cb900000| Untracked |  0
|  46|0x00000000cba00000, 0x00000000cba00000, 0x00000000cbb00000|  0%| F|  |TAMS 0x00000000cba00000| PB 0x00000000cba00000| Untracked |  0
|  47|0x00000000cbb00000, 0x00000000cbb8e190, 0x00000000cbc00000| 55%| E|  |TAMS 0x00000000cbb00000| PB 0x00000000cbb00000| Complete |  0
|  48|0x00000000cbc00000, 0x00000000cbd00000, 0x00000000cbd00000|100%| E|  |TAMS 0x00000000cbc00000| PB 0x00000000cbc00000| Complete |  0
|  49|0x00000000cbd00000, 0x00000000cbe00000, 0x00000000cbe00000|100%| E|CS|TAMS 0x00000000cbd00000| PB 0x00000000cbd00000| Complete |  0
|  50|0x00000000cbe00000, 0x00000000cbf00000, 0x00000000cbf00000|100%| E|CS|TAMS 0x00000000cbe00000| PB 0x00000000cbe00000| Complete |  0
|  51|0x00000000cbf00000, 0x00000000cc000000, 0x00000000cc000000|100%| E|CS|TAMS 0x00000000cbf00000| PB 0x00000000cbf00000| Complete |  0
|  52|0x00000000cc000000, 0x00000000cc100000, 0x00000000cc100000|100%| E|CS|TAMS 0x00000000cc000000| PB 0x00000000cc000000| Complete |  0
|  53|0x00000000cc100000, 0x00000000cc200000, 0x00000000cc200000|100%| E|CS|TAMS 0x00000000cc100000| PB 0x00000000cc100000| Complete |  0
|  54|0x00000000cc200000, 0x00000000cc300000, 0x00000000cc300000|100%| E|CS|TAMS 0x00000000cc200000| PB 0x00000000cc200000| Complete |  0
|  55|0x00000000cc300000, 0x00000000cc400000, 0x00000000cc400000|100%| E|CS|TAMS 0x00000000cc300000| PB 0x00000000cc300000| Complete |  0

Card table byte_map: [0x000002007ca00000,0x000002007cbc0000] _byte_map_base: 0x000002007c3ba000

Marking Bits: (CMBitMap*) 0x000002007c7ba1f0
 Bits: [0x000002007cbc0000, 0x000002007d990000)

Polling page: 0x000002007bf40000

Metaspace:

Usage:
  Non-class:     10.14 MB used.
      Class:      1.36 MB used.
       Both:     11.50 MB used.

Virtual space:
  Non-class space:       64.00 MB reserved,      10.25 MB ( 16%) committed,  1 nodes.
      Class space:        1.00 GB reserved,       1.44 MB ( <1%) committed,  1 nodes.
             Both:        1.06 GB reserved,      11.69 MB (  1%) committed. 

Chunk freelists:
   Non-Class:  5.70 MB
       Class:  14.58 MB
        Both:  20.28 MB

MaxMetaspaceSize: unlimited
CompressedClassSpaceSize: 1.00 GB
Initial GC threshold: 21.00 MB
Current GC threshold: 21.00 MB
CDS: on
 - commit_granule_bytes: 65536.
 - commit_granule_words: 8192.
 - virtual_space_node_default_size: 8388608.
 - enlarge_chunks_in_place: 1.
 - use_allocation_guard: 0.


Internal statistics:

num_allocs_failed_limit: 0.
num_arena_births: 242.
num_arena_deaths: 0.
num_vsnodes_births: 2.
num_vsnodes_deaths: 0.
num_space_committed: 187.
num_space_uncommitted: 0.
num_chunks_returned_to_freelist: 0.
num_chunks_taken_from_freelist: 600.
num_chunk_merges: 0.
num_chunk_splits: 361.
num_chunks_enlarged: 214.
num_inconsistent_stats: 0.

CodeHeap 'non-profiled nmethods': size=120000Kb used=554Kb max_used=554Kb free=119445Kb
 bounds [0x000002000fd50000, 0x000002000ffc0000, 0x0000020017280000]
CodeHeap 'profiled nmethods': size=120000Kb used=3260Kb max_used=3260Kb free=116739Kb
 bounds [0x0000020008280000, 0x00000200085b0000, 0x000002000f7b0000]
CodeHeap 'non-nmethods': size=5760Kb used=1407Kb max_used=1409Kb free=4352Kb
 bounds [0x000002000f7b0000, 0x000002000fa20000, 0x000002000fd50000]
 total_blobs=2290 nmethods=1788 adapters=406
 compilation: enabled
              stopped_count=0, restarted_count=0
 full_count=0

Compilation events (20 events):
Event: 2.528 Thread 0x00000200173e9270 nmethod 1645 0x0000020008557790 code [0x0000020008557920, 0x0000020008557a58]
Event: 2.528 Thread 0x00000200173e9270 1646       3       java.util.BitSet::get (69 bytes)
Event: 2.528 Thread 0x00000200173e9270 nmethod 1646 0x0000020008557b10 code [0x0000020008557d60, 0x00000200085584f8]
Event: 2.529 Thread 0x00000200173e9270 1647       3       jdk.internal.misc.Unsafe::shouldBeInitialized (18 bytes)
Event: 2.529 Thread 0x00000200173e87c0 1650       4       jdk.internal.loader.URLClassPath::getResource (74 bytes)
Event: 2.529 Thread 0x00000200173e9270 nmethod 1647 0x0000020008558890 code [0x0000020008558a40, 0x0000020008558c80]
Event: 2.529 Thread 0x00000200173e9270 1649       3       java.lang.invoke.TypeConvertingMethodAdapter::convertType (299 bytes)
Event: 2.534 Thread 0x00000200173e9270 nmethod 1649 0x0000020008558d90 code [0x0000020008559440, 0x000002000855cdf8]
Event: 2.538 Thread 0x00000200173e9270 1651       3       java.util.HashMap::<init> (8 bytes)
Event: 2.538 Thread 0x00000200173e9270 nmethod 1651 0x000002000855e190 code [0x000002000855e360, 0x000002000855e4a0]
Event: 2.538 Thread 0x00000200173e9270 1653       3       java.util.LinkedHashMap::newNode (23 bytes)
Event: 2.539 Thread 0x00000200173e9270 nmethod 1653 0x000002000855e590 code [0x000002000855e740, 0x000002000855e940]
Event: 2.542 Thread 0x00000200173e9270 1654       3       java.io.File::exists (34 bytes)
Event: 2.542 Thread 0x00000200173e9270 nmethod 1654 0x000002000855ea90 code [0x000002000855ec80, 0x000002000855f088]
Event: 2.545 Thread 0x00000200173e9270 1655       3       java.nio.Buffer::position (52 bytes)
Event: 2.545 Thread 0x00000200173e9270 nmethod 1655 0x000002000855f210 code [0x000002000855f3c0, 0x000002000855f618]
Event: 2.548 Thread 0x00000200173e9270 1656       3       java.lang.Enum::hashCode (21 bytes)
Event: 2.548 Thread 0x00000200173e9270 nmethod 1656 0x000002000855f710 code [0x000002000855f8c0, 0x000002000855fa48]
Event: 2.549 Thread 0x00000200173e9270 1657       3       ch.qos.logback.classic.util.LoggerNameUtil::getSeparatorIndexOf (53 bytes)
Event: 2.550 Thread 0x00000200173e9270 nmethod 1657 0x000002000855fb10 code [0x000002000855fce0, 0x000002000855ffd8]

GC Heap History (4 events):
Event: 1.516 GC heap before
{Heap before GC invocations=0 (full 0):
 garbage-first heap   total reserved 905216K, committed 57344K, used 15360K [0x00000000c8c00000, 0x0000000100000000)
  region size 1024K, 14 young (14336K), 0 survivors (0K)
 Metaspace       used 4007K, committed 4160K, reserved 1114112K
  class space    used 417K, committed 512K, reserved 1048576K
}
Event: 1.528 GC heap after
{Heap after GC invocations=1 (full 0):
 garbage-first heap   total reserved 905216K, committed 57344K, used 6592K [0x00000000c8c00000, 0x0000000100000000)
  region size 1024K, 2 young (2048K), 2 survivors (2048K)
 Metaspace       used 4007K, committed 4160K, reserved 1114112K
  class space    used 417K, committed 512K, reserved 1048576K
}
Event: 2.395 GC heap before
{Heap before GC invocations=1 (full 0):
 garbage-first heap   total reserved 905216K, committed 57344K, used 20928K [0x00000000c8c00000, 0x0000000100000000)
  region size 1024K, 16 young (16384K), 2 survivors (2048K)
 Metaspace       used 8004K, committed 8320K, reserved 1114112K
  class space    used 946K, committed 1088K, reserved 1048576K
}
Event: 2.404 GC heap after
{Heap after GC invocations=2 (full 0):
 garbage-first heap   total reserved 905216K, committed 57344K, used 8229K [0x00000000c8c00000, 0x0000000100000000)
  region size 1024K, 2 young (2048K), 2 survivors (2048K)
 Metaspace       used 8004K, committed 8320K, reserved 1114112K
  class space    used 946K, committed 1088K, reserved 1048576K
}

Dll operation events (11 events):
Event: 0.032 Loaded shared library C:\Users\hp\.jdks\openjdk-22.0.1\bin\java.dll
Event: 0.096 Loaded shared library C:\Users\hp\.jdks\openjdk-22.0.1\bin\jsvml.dll
Event: 0.337 Loaded shared library C:\Users\hp\.jdks\openjdk-22.0.1\bin\zip.dll
Event: 0.346 Loaded shared library C:\Users\hp\.jdks\openjdk-22.0.1\bin\instrument.dll
Event: 0.357 Loaded shared library C:\Users\hp\.jdks\openjdk-22.0.1\bin\net.dll
Event: 0.362 Loaded shared library C:\Users\hp\.jdks\openjdk-22.0.1\bin\nio.dll
Event: 0.367 Loaded shared library C:\Users\hp\.jdks\openjdk-22.0.1\bin\zip.dll
Event: 0.650 Loaded shared library C:\Program Files\JetBrains\IntelliJ IDEA Community Edition 2024.1\bin\breakgen64.dll
Event: 0.678 Loaded shared library C:\Users\hp\.jdks\openjdk-22.0.1\bin\extnet.dll
Event: 0.893 Loaded shared library C:\Users\hp\.jdks\openjdk-22.0.1\bin\jimage.dll
Event: 2.544 Loaded shared library C:\Users\hp\.jdks\openjdk-22.0.1\bin\le.dll

Deoptimization events (20 events):
Event: 1.812 Thread 0x000002007a588f20 DEOPT PACKING pc=0x000002000fda0a20 sp=0x00000069c93fe190
Event: 1.812 Thread 0x000002007a588f20 DEOPT UNPACKING pc=0x000002000f8046a2 sp=0x00000069c93fe0c0 mode 2
Event: 1.812 Thread 0x000002007a588f20 Uncommon trap: trap_request=0xffffffc6 fr.pc=0x000002000fda0a20 relative=0x0000000000000b40
Event: 1.812 Thread 0x000002007a588f20 Uncommon trap: reason=bimorphic_or_optimized_type_check action=maybe_recompile pc=0x000002000fda0a20 method=java.util.HashMap.putVal(ILjava/lang/Object;Ljava/lang/Object;ZZ)Ljava/lang/Object; @ 56 c2
Event: 1.812 Thread 0x000002007a588f20 DEOPT PACKING pc=0x000002000fda0a20 sp=0x00000069c93fe190
Event: 1.812 Thread 0x000002007a588f20 DEOPT UNPACKING pc=0x000002000f8046a2 sp=0x00000069c93fe0c0 mode 2
Event: 1.812 Thread 0x000002007a588f20 Uncommon trap: trap_request=0xffffffc6 fr.pc=0x000002000fda0a20 relative=0x0000000000000b40
Event: 1.812 Thread 0x000002007a588f20 Uncommon trap: reason=bimorphic_or_optimized_type_check action=maybe_recompile pc=0x000002000fda0a20 method=java.util.HashMap.putVal(ILjava/lang/Object;Ljava/lang/Object;ZZ)Ljava/lang/Object; @ 56 c2
Event: 1.812 Thread 0x000002007a588f20 DEOPT PACKING pc=0x000002000fda0a20 sp=0x00000069c93fe190
Event: 1.812 Thread 0x000002007a588f20 DEOPT UNPACKING pc=0x000002000f8046a2 sp=0x00000069c93fe0c0 mode 2
Event: 1.871 Thread 0x000002007a588f20 DEOPT PACKING pc=0x000002000831eb1d sp=0x00000069c93fe320
Event: 1.871 Thread 0x000002007a588f20 DEOPT UNPACKING pc=0x000002000f804e42 sp=0x00000069c93fd828 mode 0
Event: 2.219 Thread 0x000002007a588f20 Uncommon trap: trap_request=0xffffff45 fr.pc=0x000002000fd9e1a4 relative=0x00000000000001e4
Event: 2.219 Thread 0x000002007a588f20 Uncommon trap: reason=unstable_if action=reinterpret pc=0x000002000fd9e1a4 method=java.lang.String.startsWith(Ljava/lang/String;I)Z @ 1 c2
Event: 2.219 Thread 0x000002007a588f20 DEOPT PACKING pc=0x000002000fd9e1a4 sp=0x00000069c93fe480
Event: 2.219 Thread 0x000002007a588f20 DEOPT UNPACKING pc=0x000002000f8046a2 sp=0x00000069c93fe410 mode 2
Event: 2.530 Thread 0x000002007a588f20 Uncommon trap: trap_request=0xffffff45 fr.pc=0x000002000fd6c94c relative=0x000000000000004c
Event: 2.530 Thread 0x000002007a588f20 Uncommon trap: reason=unstable_if action=reinterpret pc=0x000002000fd6c94c method=sun.nio.fs.WindowsPathParser.isSlash(C)Z @ 9 c2
Event: 2.530 Thread 0x000002007a588f20 DEOPT PACKING pc=0x000002000fd6c94c sp=0x00000069c93fc4b0
Event: 2.530 Thread 0x000002007a588f20 DEOPT UNPACKING pc=0x000002000f8046a2 sp=0x00000069c93fc438 mode 2

Classes loaded (20 events):
Event: 2.512 Loading class jdk/internal/io/JdkConsole
Event: 2.513 Loading class jdk/internal/io/JdkConsole done
Event: 2.523 Loading class java/util/BitSet
Event: 2.524 Loading class java/util/BitSet done
Event: 2.530 Loading class java/nio/file/AccessMode
Event: 2.531 Loading class java/nio/file/AccessMode done
Event: 2.531 Loading class sun/nio/fs/WindowsFileSystemProvider$1
Event: 2.531 Loading class sun/nio/fs/WindowsFileSystemProvider$1 done
Event: 2.531 Loading class sun/nio/fs/WindowsLinkSupport
Event: 2.532 Loading class sun/nio/fs/WindowsLinkSupport done
Event: 2.537 Loading class java/io/InterruptedIOException
Event: 2.537 Loading class java/io/InterruptedIOException done
Event: 2.541 Loading class java/io/FilterWriter
Event: 2.541 Loading class java/io/FilterWriter done
Event: 2.548 Loading class java/lang/ProcessHandle$Info
Event: 2.548 Loading class java/lang/ProcessHandle$Info done
Event: 2.548 Loading class java/util/concurrent/CompletableFuture
Event: 2.549 Loading class java/util/concurrent/CompletionStage
Event: 2.549 Loading class java/util/concurrent/CompletionStage done
Event: 2.550 Loading class java/util/concurrent/CompletableFuture done

Classes unloaded (0 events):
No events

Classes redefined (0 events):
No events

Internal exceptions (20 events):
Event: 2.257 Thread 0x000002007a588f20 Exception <a 'java/lang/NoSuchMethodError'{0x00000000cb709ec8}: 'java.lang.Object java.lang.invoke.DirectMethodHandle$Holder.newInvokeSpecial(java.lang.Object, int, java.lang.Object)'> (0x00000000cb709ec8) 
thrown [s\open\src\hotspot\share\interpreter\linkResolver.cpp, line 774]
Event: 2.258 Thread 0x000002007a588f20 Exception <a 'java/lang/NoSuchMethodError'{0x00000000cb70ea38}: 'int java.lang.invoke.DirectMethodHandle$Holder.invokeSpecialIFC(java.lang.Object, java.lang.Object, java.lang.Object, java.lang.Object)'> (0x00000000cb70ea38) 
thrown [s\open\src\hotspot\share\interpreter\linkResolver.cpp, line 774]
Event: 2.296 Thread 0x000002007a588f20 Exception <a 'java/lang/NoSuchMethodError'{0x00000000cb7d1850}: 'void java.lang.invoke.DirectMethodHandle$Holder.invokeInterface(java.lang.Object, java.lang.Object, java.lang.Object)'> (0x00000000cb7d1850) 
thrown [s\open\src\hotspot\share\interpreter\linkResolver.cpp, line 774]
Event: 2.342 Thread 0x000002007a588f20 Exception <a 'java/lang/NoSuchMethodError'{0x00000000cb64bad8}: 'void java.lang.invoke.DirectMethodHandle$Holder.invokeStaticInit(java.lang.Object, java.lang.Object, java.lang.Object)'> (0x00000000cb64bad8) 
thrown [s\open\src\hotspot\share\interpreter\linkResolver.cpp, line 774]
Event: 2.354 Thread 0x000002007a588f20 Exception <a 'java/lang/NoSuchMethodError'{0x00000000cb68f3c8}: 'java.lang.Object java.lang.invoke.DirectMethodHandle$Holder.invokeVirtual(java.lang.Object, java.lang.Object, java.lang.Object)'> (0x00000000cb68f3c8) 
thrown [s\open\src\hotspot\share\interpreter\linkResolver.cpp, line 774]
Event: 2.365 Thread 0x000002007a588f20 Exception <a 'java/lang/NoSuchMethodError'{0x00000000cb6b1f58}: 'java.lang.Object java.lang.invoke.DirectMethodHandle$Holder.invokeStatic(java.lang.Object, long, java.lang.Object)'> (0x00000000cb6b1f58) 
thrown [s\open\src\hotspot\share\interpreter\linkResolver.cpp, line 774]
Event: 2.366 Thread 0x000002007a588f20 Exception <a 'java/lang/NoSuchMethodError'{0x00000000cb6b5860}: 'java.lang.Object java.lang.invoke.DirectMethodHandle$Holder.invokeStaticInit(java.lang.Object, long, java.lang.Object)'> (0x00000000cb6b5860) 
thrown [s\open\src\hotspot\share\interpreter\linkResolver.cpp, line 774]
Event: 2.366 Thread 0x000002007a588f20 Exception <a 'java/lang/NoSuchMethodError'{0x00000000cb6bb120}: 'java.lang.Object java.lang.invoke.DirectMethodHandle$Holder.newInvokeSpecial(java.lang.Object, long)'> (0x00000000cb6bb120) 
thrown [s\open\src\hotspot\share\interpreter\linkResolver.cpp, line 774]
Event: 2.407 Thread 0x000002007a588f20 Exception <a 'java/lang/NoSuchMethodError'{0x00000000cc306040}: 'void java.lang.invoke.DirectMethodHandle$Holder.invokeSpecial(java.lang.Object, java.lang.Object, java.lang.Object, java.lang.Object, java.lang.Object)'> (0x00000000cc306040) 
thrown [s\open\src\hotspot\share\interpreter\linkResolver.cpp, line 774]
Event: 2.409 Thread 0x000002007a588f20 Exception <a 'java/lang/NoSuchMethodError'{0x00000000cc30d9d8}: 'void java.lang.invoke.DirectMethodHandle$Holder.invokeVirtual(java.lang.Object, java.lang.Object, java.lang.Object, java.lang.Object)'> (0x00000000cc30d9d8) 
thrown [s\open\src\hotspot\share\interpreter\linkResolver.cpp, line 774]
Event: 2.488 Thread 0x000002007a588f20 Exception <a 'java/lang/NoSuchMethodError'{0x00000000cc27cc78}: 'void java.lang.invoke.DirectMethodHandle$Holder.invokeSpecial(java.lang.Object, java.lang.Object, java.lang.Object)'> (0x00000000cc27cc78) 
thrown [s\open\src\hotspot\share\interpreter\linkResolver.cpp, line 774]
Event: 2.501 Thread 0x000002007a588f20 Exception <a 'java/lang/IncompatibleClassChangeError'{0x00000000cc2a7608}: Found class java.lang.Object, but interface was expected> (0x00000000cc2a7608) 
thrown [s\open\src\hotspot\share\interpreter\linkResolver.cpp, line 841]
Event: 2.505 Thread 0x000002005d8f64f0 Exception <a 'java/lang/NoClassDefFoundError'{0x00000000cc2e4428}: jakarta/validation/Validation> (0x00000000cc2e4428) 
thrown [s\open\src\hotspot\share\classfile\systemDictionary.cpp, line 302]
Event: 2.509 Thread 0x000002007a588f20 Exception <a 'java/lang/NoSuchMethodError'{0x00000000cc2bb428}: 'java.lang.Object java.lang.invoke.DirectMethodHandle$Holder.invokeStaticInit(java.lang.Object, int)'> (0x00000000cc2bb428) 
thrown [s\open\src\hotspot\share\interpreter\linkResolver.cpp, line 774]
Event: 2.513 Thread 0x000002007a588f20 Exception <a 'java/lang/NoSuchMethodError'{0x00000000cc2c5a50}: 'java.lang.Object java.lang.invoke.DirectMethodHandle$Holder.invokeStatic(java.lang.Object, int, java.lang.Object)'> (0x00000000cc2c5a50) 
thrown [s\open\src\hotspot\share\interpreter\linkResolver.cpp, line 774]
Event: 2.514 Thread 0x000002007a588f20 Exception <a 'java/lang/NoSuchMethodError'{0x00000000cc2c90d0}: 'java.lang.Object java.lang.invoke.DirectMethodHandle$Holder.invokeStaticInit(java.lang.Object, int, java.lang.Object)'> (0x00000000cc2c90d0) 
thrown [s\open\src\hotspot\share\interpreter\linkResolver.cpp, line 774]
Event: 2.532 Thread 0x000002007a588f20 Exception <a 'sun/nio/fs/WindowsException'{0x00000000cc138b40}> (0x00000000cc138b40) 
thrown [s\open\src\hotspot\share\prims\jni.cpp, line 520]
Event: 2.548 Thread 0x000002007a588f20 Exception <a 'jdk/internal/org/jline/terminal/impl/jna/LastErrorException'{0x00000000cc145260}> (0x00000000cc145260) 
thrown [s\open\src\hotspot\share\prims\jni.cpp, line 520]
Event: 2.548 Thread 0x000002007a588f20 Exception <a 'jdk/internal/org/jline/terminal/impl/jna/LastErrorException'{0x00000000cc145920}> (0x00000000cc145920) 
thrown [s\open\src\hotspot\share\prims\jni.cpp, line 520]
Event: 2.548 Thread 0x000002007a588f20 Exception <a 'jdk/internal/org/jline/terminal/impl/jna/LastErrorException'{0x00000000cc145f90}> (0x00000000cc145f90) 
thrown [s\open\src\hotspot\share\prims\jni.cpp, line 520]

ZGC Phase Switch (0 events):
No events

VM Operations (20 events):
Event: 1.499 Executing VM operation: G1CollectForAllocation (G1 Evacuation Pause)
Event: 1.528 Executing VM operation: G1CollectForAllocation (G1 Evacuation Pause) done
Event: 1.620 Executing VM operation: HandshakeAllThreads (Deoptimize)
Event: 1.620 Executing VM operation: HandshakeAllThreads (Deoptimize) done
Event: 1.620 Executing VM operation: HandshakeAllThreads (Deoptimize)
Event: 1.620 Executing VM operation: HandshakeAllThreads (Deoptimize) done
Event: 1.811 Executing VM operation: HandshakeAllThreads (Deoptimize)
Event: 1.811 Executing VM operation: HandshakeAllThreads (Deoptimize) done
Event: 2.197 Executing VM operation: HandshakeAllThreads (Deoptimize)
Event: 2.197 Executing VM operation: HandshakeAllThreads (Deoptimize) done
Event: 2.344 Executing VM operation: ICBufferFull
Event: 2.344 Executing VM operation: ICBufferFull done
Event: 2.395 Executing VM operation: G1CollectForAllocation (G1 Evacuation Pause)
Event: 2.404 Executing VM operation: G1CollectForAllocation (G1 Evacuation Pause) done
Event: 2.472 Executing VM operation: HandshakeAllThreads (Deoptimize)
Event: 2.473 Executing VM operation: HandshakeAllThreads (Deoptimize) done
Event: 2.481 Executing VM operation: HandshakeAllThreads (Deoptimize)
Event: 2.481 Executing VM operation: HandshakeAllThreads (Deoptimize) done
Event: 2.481 Executing VM operation: HandshakeAllThreads (Deoptimize)
Event: 2.481 Executing VM operation: HandshakeAllThreads (Deoptimize) done

Events (13 events):
Event: 0.060 Thread 0x000002007a588f20 Thread added: 0x000002007a588f20
Event: 0.085 Thread 0x00000200173bd640 Thread added: 0x00000200173bd640
Event: 0.086 Thread 0x00000200173be710 Thread added: 0x00000200173be710
Event: 0.086 Thread 0x00000200173c1530 Thread added: 0x00000200173c1530
Event: 0.087 Thread 0x00000200173c2190 Thread added: 0x00000200173c2190
Event: 0.087 Thread 0x00000200173c4c00 Thread added: 0x00000200173c4c00
Event: 0.087 Thread 0x00000200173c6e00 Thread added: 0x00000200173c6e00
Event: 0.087 Thread 0x00000200173e87c0 Thread added: 0x00000200173e87c0
Event: 0.087 Thread 0x00000200173e9270 Thread added: 0x00000200173e9270
Event: 0.249 Thread 0x000002001739ca10 Thread added: 0x000002001739ca10
Event: 0.651 Thread 0x0000020017958430 Thread added: 0x0000020017958430
Event: 0.651 Thread 0x000002005d0c4e90 Thread added: 0x000002005d0c4e90
Event: 2.494 Thread 0x000002005d8f64f0 Thread added: 0x000002005d8f64f0


Dynamic libraries:
0x00007ff64b500000 - 0x00007ff64b50e000 	C:\Users\hp\.jdks\openjdk-22.0.1\bin\java.exe
0x00007ff8bb5f0000 - 0x00007ff8bb807000 	C:\WINDOWS\SYSTEM32\ntdll.dll
0x00007ff8b9b80000 - 0x00007ff8b9c44000 	C:\WINDOWS\System32\KERNEL32.DLL
0x00007ff8b8cd0000 - 0x00007ff8b9076000 	C:\WINDOWS\System32\KERNELBASE.dll
0x00007ff8b9220000 - 0x00007ff8b9331000 	C:\WINDOWS\System32\ucrtbase.dll
0x00007ff8a2e40000 - 0x00007ff8a2e57000 	C:\Users\hp\.jdks\openjdk-22.0.1\bin\jli.dll
0x00007ff8a2e60000 - 0x00007ff8a2e7b000 	C:\Users\hp\.jdks\openjdk-22.0.1\bin\VCRUNTIME140.dll
0x00007ff8b9870000 - 0x00007ff8b9a1e000 	C:\WINDOWS\System32\USER32.dll
0x00007ff8b91f0000 - 0x00007ff8b9216000 	C:\WINDOWS\System32\win32u.dll
0x00007ff8b9df0000 - 0x00007ff8b9e19000 	C:\WINDOWS\System32\GDI32.dll
0x00007ff8b8a90000 - 0x00007ff8b8ba8000 	C:\WINDOWS\System32\gdi32full.dll
0x00007ff8b89f0000 - 0x00007ff8b8a8a000 	C:\WINDOWS\System32\msvcp_win.dll
0x00007ff8a4710000 - 0x00007ff8a49a3000 	C:\WINDOWS\WinSxS\amd64_microsoft.windows.common-controls_6595b64144ccf1df_6.0.22621.2506_none_270c5ae97388e100\COMCTL32.dll
0x00007ff8b9e80000 - 0x00007ff8b9f27000 	C:\WINDOWS\System32\msvcrt.dll
0x00007ff8bb2f0000 - 0x00007ff8bb321000 	C:\WINDOWS\System32\IMM32.DLL
0x00007ff8b1170000 - 0x00007ff8b117c000 	C:\Users\hp\.jdks\openjdk-22.0.1\bin\vcruntime140_1.dll
0x00007ff880450000 - 0x00007ff8804de000 	C:\Users\hp\.jdks\openjdk-22.0.1\bin\msvcp140.dll
0x00007ff854670000 - 0x00007ff8553b7000 	C:\Users\hp\.jdks\openjdk-22.0.1\bin\server\jvm.dll
0x00007ff8bb4f0000 - 0x00007ff8bb5a3000 	C:\WINDOWS\System32\ADVAPI32.dll
0x00007ff8b97c0000 - 0x00007ff8b9868000 	C:\WINDOWS\System32\sechost.dll
0x00007ff8b8bb0000 - 0x00007ff8b8bd8000 	C:\WINDOWS\System32\bcrypt.dll
0x00007ff8ba350000 - 0x00007ff8ba467000 	C:\WINDOWS\System32\RPCRT4.dll
0x00007ff8b9a20000 - 0x00007ff8b9a91000 	C:\WINDOWS\System32\WS2_32.dll
0x00007ff8b8800000 - 0x00007ff8b884d000 	C:\WINDOWS\SYSTEM32\POWRPROF.dll
0x00007ff8b1330000 - 0x00007ff8b1364000 	C:\WINDOWS\SYSTEM32\WINMM.dll
0x00007ff8afce0000 - 0x00007ff8afcea000 	C:\WINDOWS\SYSTEM32\VERSION.dll
0x00007ff8b87e0000 - 0x00007ff8b87f3000 	C:\WINDOWS\SYSTEM32\UMPDC.dll
0x00007ff8b7970000 - 0x00007ff8b7988000 	C:\WINDOWS\SYSTEM32\kernel.appcore.dll
0x00007ff8b0ee0000 - 0x00007ff8b0eea000 	C:\Users\hp\.jdks\openjdk-22.0.1\bin\jimage.dll
0x00007ff89bed0000 - 0x00007ff89c103000 	C:\WINDOWS\SYSTEM32\DBGHELP.DLL
0x00007ff8ba670000 - 0x00007ff8ba9f9000 	C:\WINDOWS\System32\combase.dll
0x00007ff8ba030000 - 0x00007ff8ba107000 	C:\WINDOWS\System32\OLEAUT32.dll
0x00007ff89bdf0000 - 0x00007ff89be22000 	C:\WINDOWS\SYSTEM32\dbgcore.DLL
0x00007ff8b8be0000 - 0x00007ff8b8c5a000 	C:\WINDOWS\System32\bcryptPrimitives.dll
0x00007ff89df40000 - 0x00007ff89df4f000 	C:\Users\hp\.jdks\openjdk-22.0.1\bin\instrument.dll
0x00007ff89e0d0000 - 0x00007ff89e0ee000 	C:\Users\hp\.jdks\openjdk-22.0.1\bin\java.dll
0x00007ff8baa00000 - 0x00007ff8bb25b000 	C:\WINDOWS\System32\SHELL32.dll
0x00007ff8b9c50000 - 0x00007ff8b9df0000 	C:\WINDOWS\System32\ole32.dll
0x00007ff8b6890000 - 0x00007ff8b7186000 	C:\WINDOWS\SYSTEM32\windows.storage.dll
0x00007ff8b6750000 - 0x00007ff8b688e000 	C:\WINDOWS\SYSTEM32\wintypes.dll
0x00007ff8b9f30000 - 0x00007ff8ba023000 	C:\WINDOWS\System32\SHCORE.dll
0x00007ff8ba2f0000 - 0x00007ff8ba34e000 	C:\WINDOWS\System32\shlwapi.dll
0x00007ff8b8860000 - 0x00007ff8b8886000 	C:\WINDOWS\SYSTEM32\profapi.dll
0x00007ff8743d0000 - 0x00007ff8744a7000 	C:\Users\hp\.jdks\openjdk-22.0.1\bin\jsvml.dll
0x00007ff89e090000 - 0x00007ff89e0a7000 	C:\Users\hp\.jdks\openjdk-22.0.1\bin\zip.dll
0x00007ff8aff40000 - 0x00007ff8aff50000 	C:\Users\hp\.jdks\openjdk-22.0.1\bin\net.dll
0x00007ff8b7df0000 - 0x00007ff8b7e59000 	C:\WINDOWS\system32\mswsock.dll
0x00007ff89e0b0000 - 0x00007ff89e0c6000 	C:\Users\hp\.jdks\openjdk-22.0.1\bin\nio.dll
0x00007ff89dc70000 - 0x00007ff89dc8a000 	C:\Program Files\JetBrains\IntelliJ IDEA Community Edition 2024.1\bin\breakgen64.dll
0x00007ff8a0a10000 - 0x00007ff8a0a19000 	C:\Users\hp\.jdks\openjdk-22.0.1\bin\extnet.dll
0x00007ff89de60000 - 0x00007ff89de6b000 	C:\Users\hp\.jdks\openjdk-22.0.1\bin\le.dll

dbghelp: loaded successfully - version: 4.0.5 - missing functions: none
symbol engine: initialized successfully - sym options: 0x614 - pdb path: .;C:\Users\hp\.jdks\openjdk-22.0.1\bin;C:\WINDOWS\SYSTEM32;C:\WINDOWS\WinSxS\amd64_microsoft.windows.common-controls_6595b64144ccf1df_6.0.22621.2506_none_270c5ae97388e100;C:\Users\hp\.jdks\openjdk-22.0.1\bin\server;C:\Program Files\JetBrains\IntelliJ IDEA Community Edition 2024.1\bin

VM Arguments:
jvm_args: -javaagent:C:\Program Files\JetBrains\IntelliJ IDEA Community Edition 2024.1\lib\idea_rt.jar=53532:C:\Program Files\JetBrains\IntelliJ IDEA Community Edition 2024.1\bin -Dfile.encoding=UTF-8 -Dsun.stdout.encoding=UTF-8 -Dsun.stderr.encoding=UTF-8 
java_command: com.rspl.meal.Booking.BookingApplication
java_class_path (initial): C:\Users\hp\Downloads\Booking\Booking\target\classes;C:\Users\hp\.m2\repository\org\springframework\boot\spring-boot-starter-data-jpa\3.2.5\spring-boot-starter-data-jpa-3.2.5.jar;C:\Users\hp\.m2\repository\org\springframework\boot\spring-boot-starter-aop\3.2.5\spring-boot-starter-aop-3.2.5.jar;C:\Users\hp\.m2\repository\org\aspectj\aspectjweaver\1.9.22\aspectjweaver-1.9.22.jar;C:\Users\hp\.m2\repository\org\springframework\boot\spring-boot-starter-jdbc\3.2.5\spring-boot-starter-jdbc-3.2.5.jar;C:\Users\hp\.m2\repository\com\zaxxer\HikariCP\5.0.1\HikariCP-5.0.1.jar;C:\Users\hp\.m2\repository\org\springframework\spring-jdbc\6.1.6\spring-jdbc-6.1.6.jar;C:\Users\hp\.m2\repository\org\hibernate\orm\hibernate-core\6.4.4.Final\hibernate-core-6.4.4.Final.jar;C:\Users\hp\.m2\repository\jakarta\persistence\jakarta.persistence-api\3.1.0\jakarta.persistence-api-3.1.0.jar;C:\Users\hp\.m2\repository\jakarta\transaction\jakarta.transaction-api\2.0.1\jakarta.transaction-api-2.0.1.jar;C:\Users\hp\.m2\repository\org\jboss\logging\jboss-logging\3.5.3.Final\jboss-logging-3.5.3.Final.jar;C:\Users\hp\.m2\repository\org\hibernate\common\hibernate-commons-annotations\6.0.6.Final\hibernate-commons-annotations-6.0.6.Final.jar;C:\Users\hp\.m2\repository\io\smallrye\jandex\3.1.2\jandex-3.1.2.jar;C:\Users\hp\.m2\repository\com\fasterxml\classmate\1.6.0\classmate-1.6.0.jar;C:\Users\hp\.m2\repository\net\bytebuddy\byte-buddy\1.14.13\byte-buddy-1.14.13.jar;C:\Users\hp\.m2\repository\org\glassfish\jaxb\jaxb-runtime\4.0.5\jaxb-runtime-4.0.5.jar;C:\Users\hp\.m2\repository\org\glassfish\jaxb\jaxb-core\4.0.5\jaxb-core-4.0.5.jar;C:\Users\hp\.m2\repository\org\eclipse\angus\angus-activation\2.0.2\angus-activation-2.0.2.jar;C:\Users\hp\.m2\repository\org\glassfish\jaxb\txw2\4.0.5\txw2-4.0.5.jar;C:\Users\hp\.m2\repository\com\sun\istack\istack-commons-runtime\4.1.2\istack-commons-runtime-4.1.2.jar;C:\Users\hp\.m2\repository\jakarta\inject\jakarta.inject-api\2.0.1\jakarta.inject-api-2.0.1.jar;C:\Users\hp\.m2\repository\org\antlr\antlr4-runtime\4.13.0\antlr4-runtime-4.13.0.jar;C:\Users\hp\.m2\repository\org\springframework\data\spring-data-jpa\3.2.5\spring-data-jpa-3.2.5.jar;C:\Users\hp\.m2\repository\org\springframework\data\spring-data-commons\3.2.5\spring-data-commons-3.2.5.jar;C:\Users\hp\.m2\repository\org\springframework\spring-orm\6.1.6\spring-orm-6.1.6.jar;C:\Users\hp\.m2\repository\org\springframework\spring-context\6.1.6\spring-context-6.1.6.jar;C:\Users\hp\.m2\repository\org\springframework\spring-tx\6.1.6\spring-tx-6.1.6.jar;C:\Users\hp\.m2\repository\jakarta\annotation\jakarta.annotation-api\2.1.1\jakarta.annotation-api-2.1.1.jar;C:\Users\hp\.m2\repository\org\slf4j\slf4j-api\2.0.13\slf4j-api-2.0.13.jar;C:\Users\hp\.m2\repository\org\springframework\spring-aspects\6.1.6\spring-aspects-6.1.6.jar;C:\Users\hp\.m2\repository\org\springframework\boot\spring-boot-starter-security\3.2.5\spring-boot-starter-security-3.2.5.jar;C:\Users\hp\.m2\repository\org\springframework\boot\spring-boot-starter\3.2.5\spring-boot-starter-3.2.5.jar;C:\Users\hp\.m2\repository\org\springframework\boot\spring-boot\3.2.5\spring-boot-3.2.5.jar;C:\Users\hp\.m2\repository\org\springframework\boot\spring-boot-autoconfigure\3.2.5\spring-boot-autoconfigure-3.2.5.jar;C:\Users\hp\.m2\repository\org\springframework\boot\spring-boot-starter-logging\3.2.5\spring-boot-starter-logging-3.2.5.jar;C:\Users\hp\.m2\repository\ch\qos\logback\logback-classic\1.4.14\logback-classic-1.4.14.jar;C:\Users\hp\.m2\repository\ch\qos\logback\logback-core\1.4.14\logback-core-1.4.14.jar;C:\Users\hp\.m2\repository\org\apache\logging\log4j\log4j-to-slf4j\2.21.1\log4j-to-slf4j-2.21.1.jar;C:\Users\hp\.m2\repository\org\apache\logging\log4j\log4j-api\2.21.1\log4j-api-2.21.1.jar;C:\Users\hp\.m2\repository\org\slf4j\jul-to-slf4j\2.0.13\jul-to-slf4j-2.0.13.jar;C:\Users\hp\.m2\repository\org\yaml\snakeyaml\2.2\snakeyaml-2.2.jar;C:\Users\hp\.m2\repository\org\springframework\spring-aop\6.1.6\spring-aop-6.1.6.jar;C:\Users\hp\.m2\repository\org\springframework\security\spring-security-config\6.2.4\spring-security-config-6.2.4.jar;C:\Users\hp\.m2\repository\org\springframework\security\spring-security-web\6.2.4\spring-security-web-6.2.4.jar;C:\Users\hp\.m2\repository\org\springframework\spring-expression\6.1.6\spring-expression-6.1.6.jar;C:\Users\hp\.m2\repository\org\springframework\boot\spring-boot-starter-web\3.2.5\spring-boot-starter-web-3.2.5.jar;C:\Users\hp\.m2\repository\org\springframework\boot\spring-boot-starter-json\3.2.5\spring-boot-starter-json-3.2.5.jar;C:\Users\hp\.m2\repository\com\fasterxml\jackson\core\jackson-databind\2.15.4\jackson-databind-2.15.4.jar;C:\Users\hp\.m2\repository\com\fasterxml\jackson\core\jackson-annotations\2.15.4\jackson-annotations-2.15.4.jar;C:\Users\hp\.m2\repository\com\fasterxml\jackson\core\jackson-core\2.15.4\jackson-core-2.15.4.jar;C:\Users\hp\.m2\repository\com\fasterxml\jackson\datatype\jackson-datatype-jdk8\2.15.4\jackson-datatype-jdk8-2.15.4.jar;C:\Users\hp\.m2\repository\com\fasterxml\jackson\datatype\jackson-datatype-jsr310\2.15.4\jackson-datatype-jsr310-2.15.4.jar;C:\Users\hp\.m2\repository\com\fasterxml\jackson\module\jackson-module-parameter-names\2.15.4\jackson-module-parameter-names-2.15.4.jar;C:\Users\hp\.m2\repository\org\springframework\boot\spring-boot-starter-tomcat\3.2.5\spring-boot-starter-tomcat-3.2.5.jar;C:\Users\hp\.m2\repository\org\apache\tomcat\embed\tomcat-embed-core\10.1.20\tomcat-embed-core-10.1.20.jar;C:\Users\hp\.m2\repository\org\apache\tomcat\embed\tomcat-embed-el\10.1.20\tomcat-embed-el-10.1.20.jar;C:\Users\hp\.m2\repository\org\apache\tomcat\embed\tomcat-embed-websocket\10.1.20\tomcat-embed-websocket-10.1.20.jar;C:\Users\hp\.m2\repository\org\springframework\spring-webmvc\6.1.6\spring-webmvc-6.1.6.jar;C:\Users\hp\.m2\repository\com\mysql\mysql-connector-j\8.3.0\mysql-connector-j-8.3.0.jar;C:\Users\hp\.m2\repository\org\projectlombok\lombok\1.18.32\lombok-1.18.32.jar;C:\Users\hp\.m2\repository\jakarta\xml\bind\jakarta.xml.bind-api\4.0.2\jakarta.xml.bind-api-4.0.2.jar;C:\Users\hp\.m2\repository\jakarta\activation\jakarta.activation-api\2.1.3\jakarta.activation-api-2.1.3.jar;C:\Users\hp\.m2\repository\org\springframework\spring-core\6.1.6\spring-core-6.1.6.jar;C:\Users\hp\.m2\repository\org\springframework\spring-jcl\6.1.6\spring-jcl-6.1.6.jar;C:\Users\hp\.m2\repository\org\springframework\security\spring-security-core\6.2.4\spring-security-core-6.2.4.jar;C:\Users\hp\.m2\repository\org\springframework\security\spring-security-crypto\6.2.4\spring-security-crypto-6.2.4.jar;C:\Users\hp\.m2\repository\org\springframework\spring-beans\6.1.6\spring-beans-6.1.6.jar;C:\Users\hp\.m2\repository\org\springframework\spring-web\6.1.6\spring-web-6.1.6.jar;C:\Users\hp\.m2\repository\io\micrometer\micrometer-observation\1.12.5\micrometer-observation-1.12.5.jar;C:\Users\hp\.m2\repository\io\micrometer\micrometer-commons\1.12.5\micrometer-commons-1.12.5.jar
Launcher Type: SUN_STANDARD

[Global flags]
     intx CICompilerCount                          = 3                                         {product} {ergonomic}
     uint ConcGCThreads                            = 1                                         {product} {ergonomic}
     uint G1ConcRefinementThreads                  = 4                                         {product} {ergonomic}
   size_t G1HeapRegionSize                         = 1048576                                   {product} {ergonomic}
   size_t InitialHeapSize                          = 58720256                                  {product} {ergonomic}
   size_t MarkStackSize                            = 4194304                                   {product} {ergonomic}
   size_t MaxHeapSize                              = 926941184                                 {product} {ergonomic}
   size_t MaxNewSize                               = 555745280                                 {product} {ergonomic}
   size_t MinHeapDeltaBytes                        = 1048576                                   {product} {ergonomic}
   size_t MinHeapSize                              = 8388608                                   {product} {ergonomic}
    uintx NonNMethodCodeHeapSize                   = 5832780                                {pd product} {ergonomic}
    uintx NonProfiledCodeHeapSize                  = 122912730                              {pd product} {ergonomic}
    uintx ProfiledCodeHeapSize                     = 122912730                              {pd product} {ergonomic}
    uintx ReservedCodeCacheSize                    = 251658240                              {pd product} {ergonomic}
     bool SegmentedCodeCache                       = true                                      {product} {ergonomic}
   size_t SoftMaxHeapSize                          = 926941184                              {manageable} {ergonomic}
     bool UseCompressedOops                        = true                           {product lp64_product} {ergonomic}
     bool UseG1GC                                  = true                                      {product} {ergonomic}
     bool UseLargePagesIndividualAllocation        = false                                  {pd product} {ergonomic}

Logging:
Log output configuration:
 #0: stdout all=warning uptime,level,tags foldmultilines=false
 #1: stderr all=off uptime,level,tags foldmultilines=false

Environment Variables:
PATH=C:\Program Files (x86)\Common Files\Oracle\Java\javapath;C:\WINDOWS\system32;C:\WINDOWS;C:\WINDOWS\System32\Wbem;C:\WINDOWS\System32\WindowsPowerShell\v1.0\;C:\WINDOWS\System32\OpenSSH\;C:\Program Files\Azure Data Studio\bin;C:\Program Files (x86)\Microsoft SQL Server\160\Tools\Binn\;C:\Program Files\Microsoft SQL Server\160\Tools\Binn\;C:\Program Files\Microsoft SQL Server\Client SDK\ODBC\170\Tools\Binn\;C:\Program Files\Microsoft SQL Server\160\DTS\Binn\;C:\Program Files (x86)\Microsoft SQL Server\160\DTS\Binn\;C:\Program Files\Git\cmd;C:\Program Files\Git\mingw64\bin;C:\Program Files\Git\usr\bin;C:\Program Files\nodejs\;C:\Program Files\MySQL\MySQL Shell 8.0\bin\;C:\Users\hp\AppData\Local\Microsoft\WindowsApps;C:\MinGW\bin;;C:\Program Files\Azure Data Studio\bin;C:\Users\hp\AppData\Roaming\npm;C:\Program Files\JetBrains\IntelliJ IDEA 2024.1\bin;;C:\Users\hp\AppData\Local\Programs\Microsoft VS Code\bin
USERNAME=hp
OS=Windows_NT
PROCESSOR_IDENTIFIER=AMD64 Family 23 Model 24 Stepping 1, AuthenticAMD
TMP=C:\Users\hp\AppData\Local\Temp
TEMP=C:\Users\hp\AppData\Local\Temp




Periodic native trim disabled

---------------  S Y S T E M  ---------------

OS:
 Windows 11 , 64 bit Build 22621 (10.0.22621.3085)
OS uptime: 0 days 12:23 hours

CPU: total 4 (initial active 4) (4 cores per cpu, 2 threads per core) family 23 model 24 stepping 1 microcode 0x0, cx8, cmov, fxsr, ht, mmx, 3dnowpref, sse, sse2, sse3, ssse3, sse4a, sse4.1, sse4.2, popcnt, lzcnt, tsc, tscinvbit, avx, avx2, aes, clmul, bmi1, bmi2, adx, sha, fma, vzeroupper, clflush, clflushopt, rdtscp, f16c
Processor Information for all 4 processors :
  Max Mhz: 2600, Current Mhz: 2600, Mhz Limit: 2600

Memory: 4k page, system-wide physical 3530M (222M free)
TotalPageFile size 14282M (AvailPageFile size 3M)
current process WorkingSet (physical memory assigned to process): 90M, peak: 90M
current process commit charge ("private bytes"): 153M, peak: 153M

vm_info: OpenJDK 64-Bit Server VM (22.0.1+8-16) for windows-amd64 JRE (22.0.1+8-16), built on 2024-03-12T10:33:16Z by "mach5one" with MS VC++ 17.6 (VS2022)

END.
